734           8 12 0 0 0 0
1089          6 13 0 0 0 0
624           4 14 0 0 0 0
66            2 15 0 0 0 0
4             0 16 0 0 0 0
713           8 10 1 0 0 0
16274         6 11 1 0 0 0
9431          4 12 1 0 0 0
991           2 13 1 0 0 0
350           8 8 2 0 0 0
73622         6 9 2 0 0 0
53081         4 10 2 0 0 0
10879         2 11 2 0 0 0
51            0 12 2 0 0 0
32832         6 7 3 0 0 0
192445        4 8 3 0 0 0
26384         2 9 3 0 0 0
1194          0 10 3 0 0 0
6             8 4 4 0 0 0
2143          6 5 4 0 0 0
184807        4 6 4 0 0 0
60679         2 7 4 0 0 0
1334          0 8 4 0 0 0
19298         4 4 5 0 0 0
57814         2 5 5 0 0 0
1081          0 6 5 0 0 0
382           4 2 6 0 0 0
5577          2 3 6 0 0 0
1346          0 4 6 0 0 0
12            0 0 8 0 0 0
4             8 8 0 1 0 0
2619          6 9 0 1 0 0
1406          4 10 0 1 0 0
386           2 11 0 1 0 0
2262          6 7 1 1 0 0
24946         4 8 1 1 0 0
2710          2 9 1 1 0 0
149           0 10 1 1 0 0
105           6 5 2 1 0 0
83423         4 6 2 1 0 0
16124         2 7 2 1 0 0
745           0 8 2 1 0 0
11164         4 4 3 1 0 0
52607         2 5 3 1 0 0
242           0 6 3 1 0 0
69            4 2 4 1 0 0
18286         2 3 4 1 0 0
1306          0 4 4 1 0 0
284           0 2 5 1 0 0
1729          4 6 0 2 0 0
198           2 7 0 2 0 0
335           4 4 1 2 0 0
3818          2 5 1 2 0 0
8332          2 3 2 2 0 0
960           0 2 3 2 0 0
39            0 0 2 3 0 0
178           4 6 0 0 1 0
18            0 8 0 0 1 0
99            4 4 1 0 1 0
444           2 5 1 0 1 0
1561          2 3 2 0 1 0
132           0 2 3 0 1 0
216           2 3 0 1 1 0
1             0 0 0 0 0 1
